index: 
0 
	
	
 
LET	
	
	
EXPRESSION 
LET

index: 
1 
	
	
 
word	
	
	
IDENTIFIER

index: 
2 
	
	
 
=	
	
	
EXPRESSION 
OPERATOR

index: 
3 
	
	
 
hello	
	
	
IDENTIFIER

index: 
4 
	
	
 
,	
	
	
IDENTIFIER

index: 
5 
	
	
 
LET	
	
	
EXPRESSION 
LET

index: 
6 
	
	
 
four	
	
	
IDENTIFIER

index: 
7 
	
	
 
=	
	
	
EXPRESSION 
OPERATOR

index: 
8 
	
	
 
2	
	
	
IDENTIFIER

index: 
9 
	
	
 
+	
	
	
EXPRESSION 
OPERATOR

index: 
10 
	
	
 
2	
	
	
IDENTIFIER

index: 
11 
	
	
 
,	
	
	
IDENTIFIER


Tokens : 53
